*** Using Compiler 'V6.22', folder: 'D:\Keil_v5\ARM\ARMCC_V6.22\Bin'
Build target 'ALM_ETH'
compiling sys_arch.c...
compiling gpio.c...
compiling fdcan.c...
compiling eth.c...
compiling main.c...
compiling dcache.c...
compiling linked_list.c...
compiling bsp_lan8742.c...
compiling octospi.c...
compiling icache.c...
compiling stm32h5xx_hal_cortex.c...
compiling stm32h5xx_hal_flash.c...
compiling init.c...
compiling usb.c...
compiling def.c...
compiling stm32h5xx_hal_msp.c...
compiling ethernetif.c...
compiling stm32h5xx_hal_gpio.c...
compiling stm32h5xx_hal_pwr.c...
compiling stm32h5xx_it.c...
compiling stm32h5xx_ll_dlyb.c...
compiling stm32h5xx_hal_exti.c...
compiling stm32h5xx_hal_eth_ex.c...
compiling lwip_app.c...
compiling stm32h5xx_hal_pcd_ex.c...
compiling system_stm32h5xx.c...
compiling stm32h5xx_hal_icache.c...
compiling stm32h5xx_hal.c...
compiling stm32h5xx_hal_pwr_ex.c...
compiling dns.c...
compiling stm32h5xx_hal_dcache.c...
compiling stm32h5xx_hal_flash_ex.c...
compiling stm32h5xx_hal_dma.c...
compiling stm32h5xx_hal_rcc.c...
compiling stm32h5xx_ll_usb.c...
compiling ip.c...
compiling stm32h5xx_hal_fdcan.c...
compiling stm32h5xx_hal_pcd.c...
compiling stm32h5xx_hal_xspi.c...
compiling stm32h5xx_hal_eth.c...
compiling inet_chksum.c...
compiling raw.c...
compiling mem.c...
compiling stats.c...
compiling sys.c...
compiling memp.c...
compiling netif.c...
compiling stm32h5xx_hal_dma_ex.c...
compiling stm32h5xx_hal_rcc_ex.c...
compiling altcp.c...
compiling altcp_alloc.c...
compiling altcp_tcp.c...
compiling timeouts.c...
compiling pbuf.c...
compiling autoip.c...
compiling igmp.c...
compiling udp.c...
compiling icmp.c...
compiling tcp_out.c...
compiling tcp_in.c...
compiling err.c...
compiling ip4.c...
compiling ethernet.c...
compiling ip4_addr.c...
compiling etharp.c...
compiling ip4_frag.c...
compiling tcp.c...
compiling bsp_crc.c...
compiling tcp_server.c...
compiling eth_send_queue.c...
compiling systick_task.c...
compiling device_config.c...
compiling comm_protocol.c...
compiling udp_discovery.c...
compiling dhcp.c...
compiling bsp_ext_flash.c...
compiling CAN_comm.c...
compiling iap_handler.c...
linking...
Program Size: Code=71462 RO-data=1066 RW-data=6392 ZI-data=49880  
FromELF: creating hex file...
"ALM_ETH\ALM_ETH.axf" - 0 Error(s), 0 Warning(s).
Build Time Elapsed:  00:00:05
