*** Using Compiler 'V5.06 update 7 (build 960)', folder: 'D:\Keil_v5\ARM\ARMCC\Bin'
Rebuild target 'AL_USB'
assembling startup_stm32g0b1xx.s...
compiling stm32g0xx_ll_rcc.c...
compiling gpio.c...
compiling stm32g0xx_hal_dma_ex.c...
compiling stm32g0xx_hal_pwr.c...
compiling Systick_Task.c...
compiling stm32g0xx_hal_cortex.c...
compiling stm32g0xx_hal_exti.c...
compiling stm32g0xx_hal_gpio.c...
compiling usb_comm.c...
..\BSP\usb_comm.c(72): warning:  #177-D: variable "module_index"  was declared but never referenced
                  uint8_t  module_index = g_HID_RX_Buffer[7];
..\BSP\usb_comm.c: 1 warning, 0 errors
compiling usbd_custom_hid_if.c...
compiling stm32g0xx_hal_pwr_ex.c...
compiling tim.c...
compiling stm32g0xx_it.c...
compiling USB_Send_Queue.c...
compiling main.c...
compiling fdcan.c...
compiling usart.c...
compiling usbd_desc.c...
compiling stm32g0xx_hal_msp.c...
compiling stm32g0xx_hal_flash_ex.c...
compiling stm32g0xx_hal.c...
compiling stm32g0xx_hal_pcd_ex.c...
compiling stm32g0xx_hal_fdcan.c...
compiling stm32g0xx_hal_dma.c...
compiling stm32g0xx_hal_rcc_ex.c...
compiling stm32g0xx_hal_flash.c...
compiling CAN_comm.c...
compiling usbd_conf.c...
compiling usb_device.c...
compiling stm32g0xx_hal_pcd.c...
compiling stm32g0xx_ll_usb.c...
compiling stm32g0xx_hal_rcc.c...
compiling usbd_ctlreq.c...
compiling usbd_ioreq.c...
compiling usbd_customhid.c...
compiling system_stm32g0xx.c...
compiling usbd_core.c...
compiling stm32g0xx_hal_uart_ex.c...
compiling stm32g0xx_hal_tim_ex.c...
compiling stm32g0xx_hal_uart.c...
compiling stm32g0xx_hal_tim.c...
linking...
Program Size: Code=22330 RO-data=374 RW-data=364 ZI-data=5612  
FromELF: creating hex file...
"AL_USB\AL_USB.axf" - 0 Error(s), 1 Warning(s).
Build Time Elapsed:  00:00:15
