*** Using Compiler 'V6.22', folder: 'D:\Keil_v5\ARM\ARMCC_V6.22\Bin'
Build target 'Bootloader'
compiling stm32h5xx_hal_flash.c...
compiling stm32h5xx_hal_cortex.c...
compiling stm32h5xx_hal.c...
compiling boot_main.c...
compiling stm32h5xx_ll_dlyb.c...
compiling boot_ext_flash.c...
compiling stm32h5xx_hal_pwr.c...
compiling stm32h5xx_hal_gpio.c...
compiling stm32h5xx_hal_pwr_ex.c...
compiling stm32h5xx_hal_dma.c...
compiling stm32h5xx_hal_xspi.c...
compiling stm32h5xx_hal_rcc.c...
compiling stm32h5xx_hal_flash_ex.c...
compiling stm32h5xx_hal_dma_ex.c...
compiling stm32h5xx_hal_rcc_ex.c...
linking...
Program Size: Code=14588 RO-data=636 RW-data=40 ZI-data=1120  
FromELF: creating hex file...
"Bootloader\Bootloader.axf" - 0 Error(s), 0 Warning(s).
Build Time Elapsed:  00:00:01
